0 info it worked if it ends with ok
1 verbose cli [ 'C:\\Program Files\\nodejs\\node.exe',
1 verbose cli   'C:\\Users\\ricardo.lima\\AppData\\Roaming\\npm\\node_modules\\npm\\bin\\npm-cli.js',
1 verbose cli   'publish' ]
2 info using npm@3.10.8
3 info using node@v6.11.1
4 verbose publish [ '.' ]
5 silly cache add args [ '.', null ]
6 verbose cache add spec .
7 silly cache add parsed spec Result {
7 silly cache add   raw: '.',
7 silly cache add   scope: null,
7 silly cache add   escapedName: null,
7 silly cache add   name: null,
7 silly cache add   rawSpec: '.',
7 silly cache add   spec: 'C:\\dev\\repo\\elearning-player-bridge',
7 silly cache add   type: 'directory' }
8 verbose addLocalDirectory C:\Users\ricardo.lima\AppData\Roaming\npm-cache\elearning-player-bridge\0.0.51\package.tgz not in flight; packing
9 verbose correctMkdir C:\Users\ricardo.lima\AppData\Roaming\npm-cache correctMkdir not in flight; initializing
10 info lifecycle elearning-player-bridge@0.0.51~prepublish: elearning-player-bridge@0.0.51
11 silly lifecycle elearning-player-bridge@0.0.51~prepublish: no script for prepublish, continuing
12 verbose tar pack [ 'C:\\Users\\ricardo.lima\\AppData\\Roaming\\npm-cache\\elearning-player-bridge\\0.0.51\\package.tgz',
12 verbose tar pack   'C:\\dev\\repo\\elearning-player-bridge' ]
13 verbose tarball C:\Users\ricardo.lima\AppData\Roaming\npm-cache\elearning-player-bridge\0.0.51\package.tgz
14 verbose folder C:\dev\repo\elearning-player-bridge
15 verbose addLocalTarball adding from inside cache C:\Users\ricardo.lima\AppData\Roaming\npm-cache\elearning-player-bridge\0.0.51\package.tgz
16 verbose correctMkdir C:\Users\ricardo.lima\AppData\Roaming\npm-cache correctMkdir not in flight; initializing
17 silly cache afterAdd elearning-player-bridge@0.0.51
18 verbose afterAdd C:\Users\ricardo.lima\AppData\Roaming\npm-cache\elearning-player-bridge\0.0.51\package\package.json not in flight; writing
19 verbose correctMkdir C:\Users\ricardo.lima\AppData\Roaming\npm-cache correctMkdir not in flight; initializing
20 verbose afterAdd C:\Users\ricardo.lima\AppData\Roaming\npm-cache\elearning-player-bridge\0.0.51\package\package.json written
21 silly publish { name: 'elearning-player-bridge',
21 silly publish   version: '0.0.51',
21 silly publish   description: 'A bridge class to communicate with the elearning-player!',
21 silly publish   main: 'dist/index.js',
21 silly publish   types: 'dist/index.d.ts',
21 silly publish   scripts: { test: 'echo "Error: no test specified" && exit 1' },
21 silly publish   repository:
21 silly publish    { type: 'git',
21 silly publish      url: 'git+https://github.com/RicardoLimaDev/elearning-player-bridge.git' },
21 silly publish   keywords: [ 'typescript', 'library' ],
21 silly publish   author: { name: 'Ricardo Lima', email: 'lima.richard@gmail.com' },
21 silly publish   license: 'MIT',
21 silly publish   bugs: { url: 'https://github.com/RicardoLimaDev/elearning-player-bridge/issues' },
21 silly publish   homepage: 'https://github.com/RicardoLimaDev/elearning-player-bridge#readme',
21 silly publish   dependencies:
21 silly publish    { '@types/createjs': '0.0.29',
21 silly publish      '@types/greensock': '^1.15.32',
21 silly publish      '@types/preloadjs': '^0.6.32',
21 silly publish      '@types/soundjs': '^0.6.27',
21 silly publish      createjs: '^1.0.1',
21 silly publish      'createjs-preloadjs': '^0.6.3',
21 silly publish      'createjs-soundjs': '^0.6.2',
21 silly publish      gsap: '^1.20.3' },
21 silly publish   readme: '# Elearning Player Bridge Typescript 2.x Library\n\nA bridge class to communicate with the elearning-player!.\n\n# Package Usage\n\n```\nnpm install --save elearning-player-bridge\n```\n\n# Development Usage\n```\ngit clone https://github.com/RicardoLimaDev/elearning-player-bridge.git\n```\n\nthen to compile\n\n```\ntsc\n```\n\n',
21 silly publish   readmeFilename: 'README.md',
21 silly publish   gitHead: '6265537084495cf60b2d0ea92fe5dc727bd010bc',
21 silly publish   _id: 'elearning-player-bridge@0.0.51',
21 silly publish   _shasum: 'fb43cdff9a78463a74d11edbe1a300cb59343e14',
21 silly publish   _from: '.' }
22 verbose getPublishConfig undefined
23 silly mapToRegistry name elearning-player-bridge
24 silly mapToRegistry using default registry
25 silly mapToRegistry registry https://registry.npmjs.org/
26 silly mapToRegistry data Result {
26 silly mapToRegistry   raw: 'elearning-player-bridge',
26 silly mapToRegistry   scope: null,
26 silly mapToRegistry   escapedName: 'elearning-player-bridge',
26 silly mapToRegistry   name: 'elearning-player-bridge',
26 silly mapToRegistry   rawSpec: '',
26 silly mapToRegistry   spec: 'latest',
26 silly mapToRegistry   type: 'tag' }
27 silly mapToRegistry uri https://registry.npmjs.org/elearning-player-bridge
28 verbose publish registryBase https://registry.npmjs.org/
29 silly publish uploading C:\Users\ricardo.lima\AppData\Roaming\npm-cache\elearning-player-bridge\0.0.51\package.tgz
30 verbose request uri https://registry.npmjs.org/elearning-player-bridge
31 verbose request sending authorization for write operation
32 info attempt registry request try #1 at 18:25:34
33 verbose request using bearer token for auth
34 verbose request id dae6a5f40fc4cef3
35 http request PUT https://registry.npmjs.org/elearning-player-bridge
36 http 403 https://registry.npmjs.org/elearning-player-bridge
37 verbose headers { 'content-type': 'application/json',
37 verbose headers   'cache-control': 'max-age=300',
37 verbose headers   'content-length': '92',
37 verbose headers   'accept-ranges': 'bytes',
37 verbose headers   date: 'Tue, 09 Jan 2018 20:19:44 GMT',
37 verbose headers   via: '1.1 varnish',
37 verbose headers   connection: 'keep-alive',
37 verbose headers   'x-served-by': 'cache-gru17133-GRU',
37 verbose headers   'x-cache': 'MISS',
37 verbose headers   'x-cache-hits': '0',
37 verbose headers   'x-timer': 'S1515529184.384409,VS0,VE314',
37 verbose headers   vary: 'Accept-Encoding, Accept' }
38 verbose request invalidating C:\Users\ricardo.lima\AppData\Roaming\npm-cache\registry.npmjs.org\elearning-player-bridge on PUT
39 error publish Failed PUT 403
40 verbose stack Error: You cannot publish over the previously published version 0.0.51. : elearning-player-bridge
40 verbose stack     at makeError (C:\Users\ricardo.lima\AppData\Roaming\npm\node_modules\npm\node_modules\npm-registry-client\lib\request.js:302:12)
40 verbose stack     at CachingRegistryClient.<anonymous> (C:\Users\ricardo.lima\AppData\Roaming\npm\node_modules\npm\node_modules\npm-registry-client\lib\request.js:290:14)
40 verbose stack     at Request._callback (C:\Users\ricardo.lima\AppData\Roaming\npm\node_modules\npm\node_modules\npm-registry-client\lib\request.js:210:14)
40 verbose stack     at Request.self.callback (C:\Users\ricardo.lima\AppData\Roaming\npm\node_modules\npm\node_modules\request\request.js:187:22)
40 verbose stack     at emitTwo (events.js:106:13)
40 verbose stack     at Request.emit (events.js:191:7)
40 verbose stack     at Request.<anonymous> (C:\Users\ricardo.lima\AppData\Roaming\npm\node_modules\npm\node_modules\request\request.js:1044:10)
40 verbose stack     at emitOne (events.js:96:13)
40 verbose stack     at Request.emit (events.js:188:7)
40 verbose stack     at IncomingMessage.<anonymous> (C:\Users\ricardo.lima\AppData\Roaming\npm\node_modules\npm\node_modules\request\request.js:965:12)
41 verbose statusCode 403
42 verbose pkgid elearning-player-bridge
43 verbose cwd C:\dev\repo\elearning-player-bridge
44 error Windows_NT 6.1.7601
45 error argv "C:\\Program Files\\nodejs\\node.exe" "C:\\Users\\ricardo.lima\\AppData\\Roaming\\npm\\node_modules\\npm\\bin\\npm-cli.js" "publish"
46 error node v6.11.1
47 error npm  v3.10.8
48 error code E403
49 error You cannot publish over the previously published version 0.0.51. : elearning-player-bridge
50 error If you need help, you may report this error at:
50 error     <https://github.com/npm/npm/issues>
51 verbose exit [ 1, true ]
